<?xml version="1.0" encoding="UTF-8"?>
<!-- Generated by org.testng.reporters.JUnitReportReporter -->
<testsuite hostname="HP-PC" name="com.vb.fs.AppTest" tests="11" failures="0" timestamp="31 Jul 2017 11:11:46 GMT" time="51.379" errors="0">
  <testcase name="regTest" time="2.313" classname="com.vb.fs.AppTest"/>
  <testcase name="regTest" time="2.450" classname="com.vb.fs.AppTest"/>
  <testcase name="regTest" time="3.735" classname="com.vb.fs.AppTest"/>
  <testcase name="regTest" time="2.686" classname="com.vb.fs.AppTest"/>
  <testcase name="regTest" time="2.483" classname="com.vb.fs.AppTest"/>
  <testcase name="regTest" time="2.476" classname="com.vb.fs.AppTest"/>
  <testcase name="regTest" time="2.756" classname="com.vb.fs.AppTest"/>
  <testcase name="regTest" time="2.338" classname="com.vb.fs.AppTest"/>
  <testcase name="regTest" time="24.783" classname="com.vb.fs.AppTest"/>
  <testcase name="regTest" time="2.779" classname="com.vb.fs.AppTest"/>
  <testcase name="regTest" time="2.580" classname="com.vb.fs.AppTest"/>
</testsuite> <!-- com.vb.fs.AppTest -->
